<?xml version="1.0" encoding="UTF-8"?>
<!-- Generated by org.testng.reporters.JUnitReportReporter -->
<testsuite hostname="DESKTOP-3F75N2A" failures="0" tests="2" name="com.ecom.automation.test.functinal.SubmitOrder" time="15.851" errors="0" timestamp="2024-05-10T18:04:08 IST" skipped="0">
  <testcase classname="com.ecom.automation.test.functinal.SubmitOrder" name="orderHistoryTest" time="8.279"/>
  <testcase classname="com.ecom.automation.test.functinal.SubmitOrder" name="submitOrder" time="7.572"/>
</testsuite> <!-- com.ecom.automation.test.functinal.SubmitOrder -->
