<?xml version="1.0" encoding="UTF-8"?>
<!-- Generated by org.testng.reporters.JUnitReportReporter -->
<testsuite hostname="DESKTOP-3F75N2A" failures="0" tests="1" name="cucumber.TestNgTestRunner" time="8.656" errors="0" timestamp="2023-12-25T13:38:48 IST" skipped="0">
  <testcase classname="cucumber.TestNgTestRunner" name="runScenario" time="8.656"/>
</testsuite> <!-- cucumber.TestNgTestRunner -->
