<?xml version="1.0" encoding="UTF-8"?>
<!-- Generated by org.testng.reporters.JUnitReportReporter -->
<testsuite hostname="DESKTOP-3F75N2A" failures="0" tests="1" name="cucumber.TestNgTestRunner" time="7.404" errors="0" timestamp="2024-05-10T18:11:12 IST" skipped="0">
  <testcase classname="cucumber.TestNgTestRunner" name="runScenario" time="7.404"/>
</testsuite> <!-- cucumber.TestNgTestRunner -->
